main/build/intermediates/manifest_merge_blame_file/debug/processDebugManifest/manifest-merger-blame-debug-report.txt
1<?xml version="1.0" encoding="utf-8"?>
2<manifest xmlns:android="http://schemas.android.com/apk/res/android"
3    package="de.blinkt.openvpn" >
4
5    <uses-sdk android:minSdkVersion="21" />
6
7    <application>
7-->src\main\AndroidManifest.xml:4:5-120:19
8
9        <!-- Только структура компонентов: activity, service, receiver, meta-data -->
10
11        <meta-data
11-->src\main\AndroidManifest.xml:7:9-9:56
12            android:name="android.content.APP_RESTRICTIONS"
12-->src\main\AndroidManifest.xml:8:13-60
13            android:resource="@xml/app_restrictions" />
13-->src\main\AndroidManifest.xml:9:13-53
14
15        <activity
15-->src\main\AndroidManifest.xml:11:9-17:52
16            android:name="de.blinkt.openvpn.activities.DisconnectVPN"
16-->src\main\AndroidManifest.xml:12:13-53
17            android:autoRemoveFromRecents="true"
17-->src\main\AndroidManifest.xml:13:13-49
18            android:excludeFromRecents="true"
18-->src\main\AndroidManifest.xml:14:13-46
19            android:noHistory="true"
19-->src\main\AndroidManifest.xml:15:13-37
20            android:taskAffinity=".DisconnectVPN"
20-->src\main\AndroidManifest.xml:16:13-50
21            android:theme="@style/blinkt.dialog" />
21-->src\main\AndroidManifest.xml:17:13-49
22
23        <service
23-->src\main\AndroidManifest.xml:19:9-29:19
24            android:name="de.blinkt.openvpn.core.OpenVPNService"
24-->src\main\AndroidManifest.xml:20:13-48
25            android:exported="true"
25-->src\main\AndroidManifest.xml:21:13-36
26            android:foregroundServiceType="specialUse"
26-->src\main\AndroidManifest.xml:23:13-55
27            android:permission="android.permission.BIND_VPN_SERVICE"
27-->src\main\AndroidManifest.xml:22:13-69
28            android:process=":openvpn" >
28-->src\main\AndroidManifest.xml:24:13-39
29            <intent-filter>
29-->src\main\AndroidManifest.xml:25:13-27:29
30                <action android:name="android.net.VpnService" />
30-->src\main\AndroidManifest.xml:26:17-65
30-->src\main\AndroidManifest.xml:26:25-62
31            </intent-filter>
32
33            <property
33-->src\main\AndroidManifest.xml:28:13-104
34                android:name="android.app.PROPERTY_SPECIAL_USE_FGS_SUBTYPE"
34-->src\main\AndroidManifest.xml:28:23-82
35                android:value="vpn" />
35-->src\main\AndroidManifest.xml:28:83-102
36        </service>
37        <service
37-->src\main\AndroidManifest.xml:31:9-38:19
38            android:name="de.blinkt.openvpn.api.ExternalOpenVPNService"
38-->src\main\AndroidManifest.xml:32:13-55
39            android:exported="true"
39-->src\main\AndroidManifest.xml:34:13-36
40            android:process=":openvpn" >
40-->src\main\AndroidManifest.xml:33:13-39
41            <intent-filter>
41-->src\main\AndroidManifest.xml:35:13-37:29
42                <action android:name="de.blinkt.openvpn.api.IOpenVPNAPIService" />
42-->src\main\AndroidManifest.xml:36:17-83
42-->src\main\AndroidManifest.xml:36:25-80
43            </intent-filter>
44        </service>
45        <service
45-->src\main\AndroidManifest.xml:40:9-43:42
46            android:name="de.blinkt.openvpn.core.OpenVPNStatusService"
46-->src\main\AndroidManifest.xml:41:13-54
47            android:exported="false"
47-->src\main\AndroidManifest.xml:42:13-37
48            android:process=":openvpn" />
48-->src\main\AndroidManifest.xml:43:13-39
49
50        <activity
50-->src\main\AndroidManifest.xml:45:9-51:20
51            android:name="de.blinkt.openvpn.api.GrantPermissionsActivity"
51-->src\main\AndroidManifest.xml:46:13-57
52            android:exported="true" >
52-->src\main\AndroidManifest.xml:47:13-36
53            <intent-filter>
53-->src\main\AndroidManifest.xml:48:13-50:29
54                <action android:name="android.intent.action.MAIN" />
54-->src\main\AndroidManifest.xml:49:17-69
54-->src\main\AndroidManifest.xml:49:25-66
55            </intent-filter>
56        </activity>
57        <activity
57-->src\main\AndroidManifest.xml:53:9-59:20
58            android:name="de.blinkt.openvpn.api.ConfirmDialog"
58-->src\main\AndroidManifest.xml:54:13-46
59            android:exported="true" >
59-->src\main\AndroidManifest.xml:55:13-36
60            <intent-filter>
60-->src\main\AndroidManifest.xml:48:13-50:29
61                <action android:name="android.intent.action.MAIN" />
61-->src\main\AndroidManifest.xml:49:17-69
61-->src\main\AndroidManifest.xml:49:25-66
62            </intent-filter>
63        </activity>
64
65        <receiver
65-->src\main\AndroidManifest.xml:61:9-68:20
66            android:name="de.blinkt.openvpn.OnBootReceiver"
66-->src\main\AndroidManifest.xml:62:13-43
67            android:exported="true" >
67-->src\main\AndroidManifest.xml:63:13-36
68            <intent-filter android:priority="999" >
68-->src\main\AndroidManifest.xml:64:13-67:29
68-->src\main\AndroidManifest.xml:64:28-50
69                <action android:name="android.intent.action.BOOT_COMPLETED" />
69-->src\main\AndroidManifest.xml:65:17-79
69-->src\main\AndroidManifest.xml:65:25-76
70                <action android:name="android.intent.action.MY_PACKAGE_REPLACED" />
70-->src\main\AndroidManifest.xml:66:17-84
70-->src\main\AndroidManifest.xml:66:25-81
71            </intent-filter>
72        </receiver>
73
74        <service
74-->src\main\AndroidManifest.xml:70:9-74:71
75            android:name="de.blinkt.openvpn.core.keepVPNAlive"
75-->src\main\AndroidManifest.xml:71:13-46
76            android:exported="true"
76-->src\main\AndroidManifest.xml:73:13-36
77            android:permission="android.permission.BIND_JOB_SERVICE"
77-->src\main\AndroidManifest.xml:74:13-69
78            android:process=":openvpn" />
78-->src\main\AndroidManifest.xml:72:13-39
79
80        <activity
80-->src\main\AndroidManifest.xml:76:9-88:20
81            android:name="de.blinkt.openvpn.LaunchVPN"
81-->src\main\AndroidManifest.xml:77:13-38
82            android:autoRemoveFromRecents="true"
82-->src\main\AndroidManifest.xml:78:13-49
83            android:excludeFromRecents="true"
83-->src\main\AndroidManifest.xml:79:13-46
84            android:exported="true"
84-->src\main\AndroidManifest.xml:83:13-36
85            android:label="@string/vpn_launch_title"
85-->src\main\AndroidManifest.xml:80:13-53
86            android:taskAffinity=".LaunchVPN"
86-->src\main\AndroidManifest.xml:81:13-46
87            android:theme="@style/blinkt.dialog" >
87-->src\main\AndroidManifest.xml:82:13-49
88            <intent-filter>
88-->src\main\AndroidManifest.xml:84:13-87:29
89                <action android:name="android.intent.action.MAIN" />
89-->src\main\AndroidManifest.xml:49:17-69
89-->src\main\AndroidManifest.xml:49:25-66
90
91                <category android:name="android.intent.category.DEFAULT" />
91-->src\main\AndroidManifest.xml:86:17-76
91-->src\main\AndroidManifest.xml:86:27-73
92            </intent-filter>
93        </activity>
94        <activity
94-->src\main\AndroidManifest.xml:90:9-98:15
95            android:name="de.blinkt.openvpn.api.RemoteAction"
95-->src\main\AndroidManifest.xml:91:13-45
96            android:autoRemoveFromRecents="true"
96-->src\main\AndroidManifest.xml:93:13-49
97            android:excludeFromRecents="true"
97-->src\main\AndroidManifest.xml:94:13-46
98            android:launchMode="singleInstance"
98-->src\main\AndroidManifest.xml:92:13-48
99            android:noHistory="true"
99-->src\main\AndroidManifest.xml:97:13-37
100            android:taskAffinity=".LaunchVPN"
100-->src\main\AndroidManifest.xml:95:13-46
101            android:theme="@style/blinkt.dialog" />
101-->src\main\AndroidManifest.xml:96:13-49
102
103        <activity-alias
103-->src\main\AndroidManifest.xml:115:9-118:58
104            android:name="de.blinkt.openvpn.api.ResumeVPN"
104-->src\main\AndroidManifest.xml:116:13-42
105            android:exported="true"
105-->src\main\AndroidManifest.xml:117:13-36
106            android:targetActivity="de.blinkt.openvpn.api.RemoteAction" />
106-->src\main\AndroidManifest.xml:118:13-55
107        <activity-alias
107-->src\main\AndroidManifest.xml:110:9-113:58
108            android:name="de.blinkt.openvpn.api.PauseVPN"
108-->src\main\AndroidManifest.xml:111:13-41
109            android:exported="true"
109-->src\main\AndroidManifest.xml:112:13-36
110            android:targetActivity="de.blinkt.openvpn.api.RemoteAction" />
110-->src\main\AndroidManifest.xml:113:13-55
111        <activity-alias
111-->src\main\AndroidManifest.xml:105:9-108:58
112            android:name="de.blinkt.openvpn.api.DisconnectVPN"
112-->src\main\AndroidManifest.xml:106:13-46
113            android:exported="true"
113-->src\main\AndroidManifest.xml:107:13-36
114            android:targetActivity="de.blinkt.openvpn.api.RemoteAction" />
114-->src\main\AndroidManifest.xml:108:13-55
115        <activity-alias
115-->src\main\AndroidManifest.xml:100:9-103:58
116            android:name="de.blinkt.openvpn.api.ConnectVPN"
116-->src\main\AndroidManifest.xml:101:13-43
117            android:exported="true"
117-->src\main\AndroidManifest.xml:102:13-36
118            android:targetActivity="de.blinkt.openvpn.api.RemoteAction" />
118-->src\main\AndroidManifest.xml:103:13-55
119    </application>
120
121</manifest>